<?xml version="1.0" encoding="UTF-8"?>
<!-- Generated by org.testng.reporters.JUnitReportReporter -->
<testsuite hostname="DESKTOP-BD1A5K7" failures="0" tests="1" name="pathandparam.fakerdatagenerater" time="0.224" errors="0" timestamp="2023-11-21T14:45:19 IST" skipped="0">
  <testcase classname="pathandparam.fakerdatagenerater" name="dummydata" time="0.224"/>
</testsuite> <!-- pathandparam.fakerdatagenerater -->
