<?xml version="1.0" encoding="UTF-8"?>
<!-- Generated by org.testng.reporters.JUnitReportReporter -->
<testsuite hostname="DESKTOP-BD1A5K7" failures="0" tests="1" name="pathandparam.headettest" time="3.054" errors="0" timestamp="2023-12-18T13:23:43 IST" skipped="0">
  <testcase classname="pathandparam.headettest" name="TestHeader" time="3.054"/>
</testsuite> <!-- pathandparam.headettest -->
