<?xml version="1.0" encoding="UTF-8"?>
<!-- Generated by org.testng.reporters.JUnitReportReporter -->
<testsuite hostname="DESKTOP-BD1A5K7" failures="0" tests="1" name="pathandparam.pathtest" time="2.764" errors="0" timestamp="2023-10-25T14:13:59 IST" skipped="0">
  <testcase classname="pathandparam.pathtest" name="path" time="2.764"/>
</testsuite> <!-- pathandparam.pathtest -->
