<?xml version="1.0" encoding="UTF-8"?>
<!-- Generated by org.testng.reporters.JUnitReportReporter -->
<testsuite hostname="DESKTOP-BD1A5K7" failures="0" tests="1" name="pathandparam.auth" time="2.367" errors="0" timestamp="2023-11-21T14:15:12 IST" skipped="0">
  <testcase classname="pathandparam.auth" name="oauth2" time="2.367"/>
</testsuite> <!-- pathandparam.auth -->
