<?xml version="1.0" encoding="UTF-8"?>
<!-- Generated by org.testng.reporters.JUnitReportReporter -->
<testsuite hostname="DESKTOP-BD1A5K7" failures="0" tests="1" name="pathandparam.cookieTest" time="2.119" errors="0" timestamp="2023-10-28T10:05:33 IST" skipped="0">
  <testcase classname="pathandparam.cookieTest" name="cookieTest" time="2.119"/>
</testsuite> <!-- pathandparam.cookieTest -->
